[debug] [2020-08-11T20:01:19.991Z] ----------------------------------------------------------------------
[debug] [2020-08-11T20:01:19.997Z] Command:       C:\Program Files\nodejs\node.exe C:\Users\Harun\AppData\Roaming\npm\node_modules\firebase-tools\lib\bin\firebase.js init
[debug] [2020-08-11T20:01:19.997Z] CLI Version:   8.7.0
[debug] [2020-08-11T20:01:19.997Z] Platform:      win32
[debug] [2020-08-11T20:01:19.998Z] Node Version:  v12.18.1
[debug] [2020-08-11T20:01:20.000Z] Time:          Tue Aug 11 2020 23:01:19 GMT+0300 (East Africa Time)
[debug] [2020-08-11T20:01:20.000Z] ----------------------------------------------------------------------
[debug] [2020-08-11T20:01:20.000Z] 
[debug] [2020-08-11T20:01:20.117Z] > command requires scopes: ["email","openid","https://www.googleapis.com/auth/cloudplatformprojects.readonly","https://www.googleapis.com/auth/firebase","https://www.googleapis.com/auth/cloud-platform"]
[debug] [2020-08-11T20:01:20.119Z] > authorizing via signed-in user
[info] 
     ######## #### ########  ######## ########     ###     ######  ########
     ##        ##  ##     ## ##       ##     ##  ##   ##  ##       ##
     ######    ##  ########  ######   ########  #########  ######  ######
     ##        ##  ##    ##  ##       ##     ## ##     ##       ## ##
     ##       #### ##     ## ######## ########  ##     ##  ######  ########

You're about to initialize a Firebase project in this directory:

  C:\Users\Harun\Projects\covid-19-clone\covid-19-tracker

Before we get started, keep in mind:

  * You are initializing in an existing Firebase project directory

